<?xml version="1.0" encoding="UTF-8"?>
<!-- Generated by org.testng.reporters.JUnitXMLReporter -->
<testsuite ignored="0" hostname="DESKTOP-8JRLSE1" failures="0" tests="8" name="Test" time="6.514" errors="0" timestamp="2024-11-04T20:00:21 IST">
  <testcase classname="TestNgPackage.practiceProgram" name="sandeepa" time="0.011"/>
  <testcase classname="TestNgPackage.practiceProgram" name="shwetha" time="0.001"/>
  <testcase classname="TestNgPackage.practiceProgram" name="sneha" time="0.002"/>
  <testcase classname="TestNgPackage.myPracticeTestNg" name="methodSeven" time="0.0"/>
  <testcase classname="TestNgPackage.myPracticeTestNg" name="methodEight" time="0.001"/>
  <testcase classname="TestNgPackage.myPracticeTestNg" name="methodFive" time="0.001"/>
  <testcase classname="TestNgPackage.myPracticeTestNg" name="methodFive" time="0.0"/>
  <testcase classname="TestNgPackage.myPracticeTestNg" name="methodSix" time="0.0"/>
</testsuite> <!-- Test -->
