<?xml version="1.0" encoding="UTF-8"?>
<testng-results ignored="0" total="8" passed="8" failed="0" skipped="0">
  <reporter-output>
    <line>
      <![CDATA[Database connectivity established]]>
    </line>
    <line>
      <![CDATA[sandeepa executed]]>
    </line>
    <line>
      <![CDATA[shwetha executed]]>
    </line>
    <line>
      <![CDATA[sneha executed]]>
    </line>
    <line>
      <![CDATA[Launch successful]]>
    </line>
    <line>
      <![CDATA[Method Execution started]]>
    </line>
    <line>
      <![CDATA[Method Seven started]]>
    </line>
    <line>
      <![CDATA[Method Ended started]]>
    </line>
    <line>
      <![CDATA[Method Execution started]]>
    </line>
    <line>
      <![CDATA[Method Eight started]]>
    </line>
    <line>
      <![CDATA[Method Ended started]]>
    </line>
    <line>
      <![CDATA[Method Execution started]]>
    </line>
    <line>
      <![CDATA[Method Five started]]>
    </line>
    <line>
      <![CDATA[Method Ended started]]>
    </line>
    <line>
      <![CDATA[Method Execution started]]>
    </line>
    <line>
      <![CDATA[Method Five started]]>
    </line>
    <line>
      <![CDATA[Method Ended started]]>
    </line>
    <line>
      <![CDATA[Method Execution started]]>
    </line>
    <line>
      <![CDATA[Method Six started]]>
    </line>
    <line>
      <![CDATA[Method Ended started]]>
    </line>
    <line>
      <![CDATA[Driver disconnected]]>
    </line>
    <line>
      <![CDATA[Database connectivity disconnected]]>
    </line>
  </reporter-output>
  <suite started-at="2024-11-04T20:00:15 IST" name="Suite" finished-at="2024-11-04T20:00:21 IST" duration-ms="6514">
    <groups>
    </groups>
    <test started-at="2024-11-04T20:00:15 IST" name="Test" finished-at="2024-11-04T20:00:21 IST" duration-ms="6514">
      <class name="TestNgPackage.practiceProgram">
        <test-method signature="sandeepa()[pri:0, instance:TestNgPackage.practiceProgram@20deea7f]" started-at="2024-11-04T20:00:15 IST" name="sandeepa" finished-at="2024-11-04T20:00:15 IST" duration-ms="11" status="PASS">
          <reporter-output>
            <line>
              <![CDATA[sandeepa executed]]>
            </line>
          </reporter-output>
        </test-method> <!-- sandeepa -->
        <test-method signature="shwetha()[pri:0, instance:TestNgPackage.practiceProgram@20deea7f]" started-at="2024-11-04T20:00:15 IST" name="shwetha" finished-at="2024-11-04T20:00:15 IST" duration-ms="1" status="PASS">
          <reporter-output>
            <line>
              <![CDATA[shwetha executed]]>
            </line>
          </reporter-output>
        </test-method> <!-- shwetha -->
        <test-method signature="sneha()[pri:0, instance:TestNgPackage.practiceProgram@20deea7f]" started-at="2024-11-04T20:00:15 IST" name="sneha" finished-at="2024-11-04T20:00:15 IST" duration-ms="2" status="PASS">
          <reporter-output>
            <line>
              <![CDATA[sneha executed]]>
            </line>
          </reporter-output>
        </test-method> <!-- sneha -->
      </class> <!-- TestNgPackage.practiceProgram -->
      <class name="TestNgPackage.myPracticeTestNg">
        <test-method is-config="true" signature="methodOne()[pri:0, instance:TestNgPackage.myPracticeTestNg@3e58a80e]" started-at="2024-11-04T20:00:15 IST" name="methodOne" finished-at="2024-11-04T20:00:15 IST" duration-ms="5" status="PASS">
          <reporter-output>
            <line>
              <![CDATA[Database connectivity established]]>
            </line>
          </reporter-output>
        </test-method> <!-- methodOne -->
        <test-method is-config="true" signature="methodTwo()[pri:0, instance:TestNgPackage.myPracticeTestNg@3e58a80e]" started-at="2024-11-04T20:00:15 IST" name="methodTwo" finished-at="2024-11-04T20:00:16 IST" duration-ms="1357" status="PASS">
          <reporter-output>
            <line>
              <![CDATA[Launch successful]]>
            </line>
          </reporter-output>
        </test-method> <!-- methodTwo -->
        <test-method is-config="true" signature="methodThree()[pri:0, instance:TestNgPackage.myPracticeTestNg@3e58a80e]" started-at="2024-11-04T20:00:16 IST" name="methodThree" finished-at="2024-11-04T20:00:16 IST" duration-ms="0" status="PASS">
          <reporter-output>
            <line>
              <![CDATA[Method Execution started]]>
            </line>
          </reporter-output>
        </test-method> <!-- methodThree -->
        <test-method signature="methodSeven()[pri:0, instance:TestNgPackage.myPracticeTestNg@3e58a80e]" started-at="2024-11-04T20:00:16 IST" name="methodSeven" finished-at="2024-11-04T20:00:16 IST" duration-ms="0" status="PASS">
          <reporter-output>
            <line>
              <![CDATA[Method Seven started]]>
            </line>
          </reporter-output>
        </test-method> <!-- methodSeven -->
        <test-method is-config="true" signature="methodFour()[pri:0, instance:TestNgPackage.myPracticeTestNg@3e58a80e]" started-at="2024-11-04T20:00:16 IST" name="methodFour" finished-at="2024-11-04T20:00:16 IST" duration-ms="2" status="PASS">
          <reporter-output>
            <line>
              <![CDATA[Method Ended started]]>
            </line>
          </reporter-output>
        </test-method> <!-- methodFour -->
        <test-method is-config="true" signature="methodThree()[pri:0, instance:TestNgPackage.myPracticeTestNg@3e58a80e]" started-at="2024-11-04T20:00:16 IST" name="methodThree" finished-at="2024-11-04T20:00:16 IST" duration-ms="0" status="PASS">
          <reporter-output>
            <line>
              <![CDATA[Method Execution started]]>
            </line>
          </reporter-output>
        </test-method> <!-- methodThree -->
        <test-method signature="methodEight()[pri:3, instance:TestNgPackage.myPracticeTestNg@3e58a80e]" started-at="2024-11-04T20:00:16 IST" name="methodEight" finished-at="2024-11-04T20:00:16 IST" duration-ms="1" status="PASS">
          <reporter-output>
            <line>
              <![CDATA[Method Eight started]]>
            </line>
          </reporter-output>
        </test-method> <!-- methodEight -->
        <test-method is-config="true" signature="methodFour()[pri:0, instance:TestNgPackage.myPracticeTestNg@3e58a80e]" started-at="2024-11-04T20:00:16 IST" name="methodFour" finished-at="2024-11-04T20:00:16 IST" duration-ms="0" status="PASS">
          <reporter-output>
            <line>
              <![CDATA[Method Ended started]]>
            </line>
          </reporter-output>
        </test-method> <!-- methodFour -->
        <test-method is-config="true" signature="methodThree()[pri:0, instance:TestNgPackage.myPracticeTestNg@3e58a80e]" started-at="2024-11-04T20:00:16 IST" name="methodThree" finished-at="2024-11-04T20:00:16 IST" duration-ms="0" status="PASS">
          <reporter-output>
            <line>
              <![CDATA[Method Execution started]]>
            </line>
          </reporter-output>
        </test-method> <!-- methodThree -->
        <test-method signature="methodFive()[pri:5, instance:TestNgPackage.myPracticeTestNg@3e58a80e]" started-at="2024-11-04T20:00:16 IST" name="methodFive" finished-at="2024-11-04T20:00:16 IST" duration-ms="1" status="PASS">
          <reporter-output>
            <line>
              <![CDATA[Method Five started]]>
            </line>
          </reporter-output>
        </test-method> <!-- methodFive -->
        <test-method is-config="true" signature="methodFour()[pri:0, instance:TestNgPackage.myPracticeTestNg@3e58a80e]" started-at="2024-11-04T20:00:16 IST" name="methodFour" finished-at="2024-11-04T20:00:16 IST" duration-ms="0" status="PASS">
          <reporter-output>
            <line>
              <![CDATA[Method Ended started]]>
            </line>
          </reporter-output>
        </test-method> <!-- methodFour -->
        <test-method is-config="true" signature="methodThree()[pri:0, instance:TestNgPackage.myPracticeTestNg@3e58a80e]" started-at="2024-11-04T20:00:16 IST" name="methodThree" finished-at="2024-11-04T20:00:16 IST" duration-ms="1" status="PASS">
          <reporter-output>
            <line>
              <![CDATA[Method Execution started]]>
            </line>
          </reporter-output>
        </test-method> <!-- methodThree -->
        <test-method signature="methodFive()[pri:5, instance:TestNgPackage.myPracticeTestNg@3e58a80e]" started-at="2024-11-04T20:00:16 IST" name="methodFive" finished-at="2024-11-04T20:00:16 IST" duration-ms="0" status="PASS">
          <reporter-output>
            <line>
              <![CDATA[Method Five started]]>
            </line>
          </reporter-output>
        </test-method> <!-- methodFive -->
        <test-method is-config="true" signature="methodFour()[pri:0, instance:TestNgPackage.myPracticeTestNg@3e58a80e]" started-at="2024-11-04T20:00:16 IST" name="methodFour" finished-at="2024-11-04T20:00:16 IST" duration-ms="0" status="PASS">
          <reporter-output>
            <line>
              <![CDATA[Method Ended started]]>
            </line>
          </reporter-output>
        </test-method> <!-- methodFour -->
        <test-method is-config="true" signature="methodThree()[pri:0, instance:TestNgPackage.myPracticeTestNg@3e58a80e]" started-at="2024-11-04T20:00:16 IST" name="methodThree" finished-at="2024-11-04T20:00:16 IST" duration-ms="1" status="PASS">
          <reporter-output>
            <line>
              <![CDATA[Method Execution started]]>
            </line>
          </reporter-output>
        </test-method> <!-- methodThree -->
        <test-method signature="methodSix()[pri:4, instance:TestNgPackage.myPracticeTestNg@3e58a80e]" started-at="2024-11-04T20:00:16 IST" name="methodSix" finished-at="2024-11-04T20:00:16 IST" depends-on-methods="TestNgPackage.myPracticeTestNg.methodEight, TestNgPackage.myPracticeTestNg.methodSeven" duration-ms="0" status="PASS">
          <reporter-output>
            <line>
              <![CDATA[Method Six started]]>
            </line>
          </reporter-output>
        </test-method> <!-- methodSix -->
        <test-method is-config="true" signature="methodNine()[pri:0, instance:TestNgPackage.myPracticeTestNg@3e58a80e]" started-at="2024-11-04T20:00:16 IST" name="methodNine" finished-at="2024-11-04T20:00:21 IST" duration-ms="5133" status="PASS">
          <reporter-output>
            <line>
              <![CDATA[Driver disconnected]]>
            </line>
          </reporter-output>
        </test-method> <!-- methodNine -->
        <test-method is-config="true" signature="methodFour()[pri:0, instance:TestNgPackage.myPracticeTestNg@3e58a80e]" started-at="2024-11-04T20:00:16 IST" name="methodFour" finished-at="2024-11-04T20:00:16 IST" duration-ms="0" status="PASS">
          <reporter-output>
            <line>
              <![CDATA[Method Ended started]]>
            </line>
          </reporter-output>
        </test-method> <!-- methodFour -->
        <test-method is-config="true" signature="methodTen()[pri:0, instance:TestNgPackage.myPracticeTestNg@3e58a80e]" started-at="2024-11-04T20:00:21 IST" name="methodTen" finished-at="2024-11-04T20:00:21 IST" duration-ms="0" status="PASS">
          <reporter-output>
            <line>
              <![CDATA[Database connectivity disconnected]]>
            </line>
          </reporter-output>
        </test-method> <!-- methodTen -->
      </class> <!-- TestNgPackage.myPracticeTestNg -->
    </test> <!-- Test -->
  </suite> <!-- Suite -->
</testng-results>
