<?xml version="1.0" encoding="UTF-8"?>
<!-- Generated by org.testng.reporters.JUnitXMLReporter -->
<testsuite ignored="0" hostname="DESKTOP-8JRLSE1" failures="0" tests="5" name="Default test" time="7.227" errors="0" timestamp="2024-11-04T19:54:37 IST">
  <testcase classname="TestNgPackage.myPracticeTestNg" name="methodSeven" time="0.007"/>
  <testcase classname="TestNgPackage.myPracticeTestNg" name="methodEight" time="0.001"/>
  <testcase classname="TestNgPackage.myPracticeTestNg" name="methodSix" time="0.001"/>
  <testcase classname="TestNgPackage.myPracticeTestNg" name="methodFive" time="0.001"/>
  <testcase classname="TestNgPackage.myPracticeTestNg" name="methodFive" time="0.001"/>
</testsuite> <!-- Default test -->
